{"log":"exception in MapBoxMeshBuilder!!",
"input":[
[
[
{"x":2944,"y":0},
{"x":2960,"y":8},
{"x":2960,"y":40},
{"x":2912,"y":152},
{"x":2888,"y":160},
{"x":2832,"y":224},
{"x":2816,"y":328},
{"x":2736,"y":376},
{"x":2712,"y":424},
{"x":2672,"y":432},
{"x":2640,"y":376},
{"x":2640,"y":328},
{"x":2680,"y":352},
{"x":2688,"y":312},
{"x":2704,"y":312},
{"x":2704,"y":280},
{"x":2688,"y":272},
{"x":2648,"y":272},
{"x":2600,"y":304},
{"x":2568,"y":392},
{"x":2552,"y":384},
{"x":2568,"y":328},
{"x":2512,"y":352},
{"x":2544,"y":480},
{"x":2528,"y":512},
{"x":2496,"y":528},
{"x":2472,"y":520},
{"x":2504,"y":552},
{"x":2496,"y":600},
{"x":2472,"y":624},
{"x":2432,"y":624},
{"x":2432,"y":592},
{"x":2392,"y":584},
{"x":2384,"y":544},
{"x":2416,"y":544},
{"x":2440,"y":584},
{"x":2456,"y":576},
{"x":2456,"y":552},
{"x":2416,"y":528},
{"x":2400,"y":488},
{"x":2384,"y":488},
{"x":2376,"y":528},
{"x":2336,"y":552},
{"x":2368,"y":568},
{"x":2376,"y":616},
{"x":2408,"y":640},
{"x":2376,"y":680},
{"x":2304,"y":712},
{"x":2232,"y":712},
{"x":2200,"y":664},
{"x":2144,"y":648},
{"x":2128,"y":592},
{"x":2072,"y":528},
{"x":2064,"y":448},
{"x":2048,"y":440},
{"x":2032,"y":464},
{"x":2000,"y":464},
{"x":2032,"y":424},
{"x":2056,"y":424},
{"x":2064,"y":384},
{"x":2008,"y":344},
{"x":2000,"y":416},
{"x":1968,"y":424},
{"x":1984,"y":328},
{"x":1944,"y":336},
{"x":1928,"y":392},
{"x":1960,"y":400},
{"x":1960,"y":448},
{"x":1992,"y":472},
{"x":1960,"y":480},
{"x":1920,"y":424},
{"x":1896,"y":424},
{"x":1896,"y":464},
{"x":1936,"y":480},
{"x":1944,"y":528},
{"x":1968,"y":544},
{"x":1976,"y":616},
{"x":1952,"y":624},
{"x":1928,"y":680},
{"x":1896,"y":696},
{"x":1904,"y":744},
{"x":1864,"y":856},
{"x":1848,"y":872},
{"x":1800,"y":872},
{"x":1792,"y":896},
{"x":1760,"y":856},
{"x":1736,"y":856},
{"x":1736,"y":888},
{"x":1712,"y":896},
{"x":1728,"y":1064},
{"x":1648,"y":1064},
{"x":1640,"y":1080},
{"x":1608,"y":1080},
{"x":1632,"y":1024},
{"x":1680,"y":1016},
{"x":1680,"y":968},
{"x":1656,"y":944},
{"x":1632,"y":944},
{"x":1624,"y":960},
{"x":1608,"y":952},
{"x":1632,"y":880},
{"x":1608,"y":872},
{"x":1608,"y":848},
{"x":1584,"y":848},
{"x":1600,"y":888},
{"x":1568,"y":896},
{"x":1528,"y":936},
{"x":1528,"y":1008},
{"x":1536,"y":1024},
{"x":1560,"y":1024},
{"x":1560,"y":1080},
{"x":1488,"y":1160},
{"x":1480,"y":1200},
{"x":1456,"y":1192},
{"x":1464,"y":1160},
{"x":1448,"y":1152},
{"x":1384,"y":1152},
{"x":1376,"y":1224},
{"x":1392,"y":1272},
{"x":1376,"y":1272},
{"x":1368,"y":1240},
{"x":1328,"y":1272},
{"x":1272,"y":1272},
{"x":1256,"y":1248},
{"x":1216,"y":1232},
{"x":1216,"y":1192},
{"x":1176,"y":1160},
{"x":1168,"y":1072},
{"x":1144,"y":1056},
{"x":1128,"y":1056},
{"x":1144,"y":1072},
{"x":1136,"y":1160},
{"x":1096,"y":1128},
{"x":1064,"y":1136},
{"x":1048,"y":1120},
{"x":1048,"y":1096},
{"x":1080,"y":1112},
{"x":1104,"y":1096},
{"x":1104,"y":1040},
{"x":1120,"y":1032},
{"x":1112,"y":976},
{"x":1168,"y":928},
{"x":1160,"y":896},
{"x":1104,"y":856},
{"x":1112,"y":816},
{"x":1136,"y":824},
{"x":1136,"y":800},
{"x":1104,"y":800},
{"x":1104,"y":752},
{"x":1088,"y":752},
{"x":1048,"y":800},
{"x":1048,"y":856},
{"x":1016,"y":928},
{"x":1016,"y":976},
{"x":992,"y":1000},
{"x":960,"y":1000},
{"x":984,"y":1032},
{"x":976,"y":1048},
{"x":936,"y":1048},
{"x":864,"y":976},
{"x":848,"y":952},
{"x":864,"y":904},
{"x":832,"y":864},
{"x":832,"y":848},
{"x":856,"y":840},
{"x":848,"y":784},
{"x":904,"y":808},
{"x":912,"y":776},
{"x":896,"y":744},
{"x":960,"y":760},
{"x":960,"y":840},
{"x":976,"y":840},
{"x":984,"y":768},
{"x":1024,"y":744},
{"x":1048,"y":704},
{"x":1040,"y":680},
{"x":928,"y":648},
{"x":912,"y":648},
{"x":912,"y":672},
{"x":872,"y":672},
{"x":856,"y":704},
{"x":792,"y":688},
{"x":800,"y":648},
{"x":776,"y":632},
{"x":792,"y":576},
{"x":864,"y":576},
{"x":912,"y":520},
{"x":1008,"y":504},
{"x":1032,"y":472},
{"x":1000,"y":424},
{"x":968,"y":424},
{"x":944,"y":448},
{"x":896,"y":440},
{"x":888,"y":456},
{"x":848,"y":464},
{"x":824,"y":504},
{"x":784,"y":512},
{"x":752,"y":544},
{"x":744,"y":576},
{"x":752,"y":616},
{"x":768,"y":624},
{"x":760,"y":672},
{"x":784,"y":728},
{"x":776,"y":768},
{"x":752,"y":792},
{"x":720,"y":792},
{"x":704,"y":840},
{"x":680,"y":824},
{"x":648,"y":832},
{"x":616,"y":880},
{"x":584,"y":880},
{"x":576,"y":856},
{"x":560,"y":856},
{"x":576,"y":904},
{"x":544,"y":960},
{"x":464,"y":1024},
{"x":456,"y":1088},
{"x":440,"y":1096},
{"x":416,"y":1160},
{"x":352,"y":1224},
{"x":280,"y":1240},
{"x":248,"y":1272},
{"x":224,"y":1360},
{"x":136,"y":1472},
{"x":72,"y":1464},
{"x":56,"y":1480},
{"x":48,"y":1504},
{"x":104,"y":1504},
{"x":96,"y":1536},
{"x":56,"y":1568},
{"x":24,"y":1568},
{"x":16,"y":1552},
{"x":0,"y":1555},
{"x":0,"y":1184},
{"x":24,"y":1144},
{"x":72,"y":1128},
{"x":184,"y":1040},
{"x":216,"y":1040},
{"x":216,"y":1008},
{"x":256,"y":952},
{"x":312,"y":976},
{"x":328,"y":952},
{"x":320,"y":888},
{"x":368,"y":840},
{"x":456,"y":808},
{"x":496,"y":712},
{"x":528,"y":696},
{"x":560,"y":640},
{"x":560,"y":616},
{"x":640,"y":664},
{"x":632,"y":616},
{"x":592,"y":600},
{"x":592,"y":544},
{"x":616,"y":512},
{"x":624,"y":448},
{"x":600,"y":464},
{"x":592,"y":496},
{"x":512,"y":472},
{"x":496,"y":448},
{"x":440,"y":448},
{"x":352,"y":504},
{"x":272,"y":512},
{"x":208,"y":552},
{"x":184,"y":536},
{"x":256,"y":504},
{"x":264,"y":456},
{"x":184,"y":464},
{"x":160,"y":520},
{"x":80,"y":512},
{"x":48,"y":464},
{"x":152,"y":472},
{"x":248,"y":408},
{"x":280,"y":408},
{"x":288,"y":440},
{"x":360,"y":424},
{"x":360,"y":408},
{"x":304,"y":400},
{"x":304,"y":384},
{"x":448,"y":392},
{"x":520,"y":360},
{"x":632,"y":368},
{"x":664,"y":328},
{"x":656,"y":304},
{"x":584,"y":296},
{"x":552,"y":264},
{"x":512,"y":264},
{"x":496,"y":240},
{"x":432,"y":224},
{"x":408,"y":200},
{"x":408,"y":176},
{"x":456,"y":160},
{"x":488,"y":184},
{"x":560,"y":200},
{"x":600,"y":232},
{"x":696,"y":248},
{"x":704,"y":264},
{"x":728,"y":256},
{"x":760,"y":200},
{"x":768,"y":136},
{"x":704,"y":56},
{"x":711,"y":0},
{"x":1069,"y":0},
{"x":1056,"y":48},
{"x":1096,"y":96},
{"x":1088,"y":288},
{"x":1104,"y":312},
{"x":1112,"y":400},
{"x":1128,"y":432},
{"x":1168,"y":456},
{"x":1096,"y":456},
{"x":1040,"y":344},
{"x":984,"y":320},
{"x":936,"y":272},
{"x":904,"y":280},
{"x":928,"y":312},
{"x":976,"y":320},
{"x":1016,"y":360},
{"x":1024,"y":424},
{"x":1088,"y":496},
{"x":1200,"y":480},
{"x":1240,"y":456},
{"x":1280,"y":472},
{"x":1352,"y":536},
{"x":1368,"y":528},
{"x":1320,"y":488},
{"x":1320,"y":400},
{"x":1336,"y":368},
{"x":1280,"y":320},
{"x":1280,"y":248},
{"x":1256,"y":216},
{"x":1264,"y":160},
{"x":1200,"y":56},
{"x":1216,"y":16},
{"x":1216,"y":0},
{"x":1264,"y":0},
{"x":1264,"y":40},
{"x":1248,"y":40},
{"x":1240,"y":64},
{"x":1328,"y":104},
{"x":1304,"y":304},
{"x":1336,"y":312},
{"x":1352,"y":360},
{"x":1392,"y":336},
{"x":1400,"y":288},
{"x":1432,"y":272},
{"x":1448,"y":232},
{"x":1504,"y":184},
{"x":1512,"y":144},
{"x":1496,"y":160},
{"x":1464,"y":160},
{"x":1448,"y":104},
{"x":1400,"y":104},
{"x":1392,"y":88},
{"x":1352,"y":80},
{"x":1312,"y":8},
{"x":1336,"y":32},
{"x":1368,"y":32},
{"x":1368,"y":16},
{"x":1408,"y":24},
{"x":1520,"y":112},
{"x":1568,"y":104},
{"x":1600,"y":72},
{"x":1600,"y":56},
{"x":1560,"y":24},
{"x":1494,"y":0},
{"x":1595,"y":0},
{"x":1608,"y":16},
{"x":1640,"y":16},
{"x":1656,"y":0},
{"x":2200,"y":0},
{"x":2224,"y":16},
{"x":2256,"y":0},
{"x":2306,"y":0},
{"x":2288,"y":24},
{"x":2296,"y":48},
{"x":2264,"y":72},
{"x":2264,"y":104},
{"x":2224,"y":96},
{"x":2224,"y":120},
{"x":2256,"y":160},
{"x":2216,"y":184},
{"x":2152,"y":168},
{"x":2152,"y":224},
{"x":2192,"y":280},
{"x":2216,"y":288},
{"x":2224,"y":264},
{"x":2200,"y":208},
{"x":2264,"y":200},
{"x":2392,"y":112},
{"x":2352,"y":128},
{"x":2320,"y":88},
{"x":2312,"y":32},
{"x":2331,"y":0},
{"x":2352,"y":0},
{"x":2368,"y":16},
{"x":2400,"y":16},
{"x":2398,"y":0},
{"x":2469,"y":0},
{"x":2488,"y":24},
{"x":2490,"y":0},
{"x":2532,"y":0},
{"x":2512,"y":64},
{"x":2544,"y":120},
{"x":2512,"y":136},
{"x":2512,"y":152},
{"x":2616,"y":176},
{"x":2664,"y":232},
{"x":2680,"y":232},
{"x":2680,"y":208},
{"x":2624,"y":168},
{"x":2608,"y":136},
{"x":2616,"y":64},
{"x":2656,"y":32},
{"x":2728,"y":32},
{"x":2752,"y":8},
{"x":2753,"y":0},
{"x":2904,"y":0},
{"x":2904,"y":16},
{"x":2928,"y":16},
{"x":2912,"y":0}
]
],
[
[
{"x":168,"y":1304},
{"x":208,"y":1288},
{"x":216,"y":1248},
{"x":192,"y":1248}
],
[
{"x":128,"y":1160},
{"x":72,"y":1184},
{"x":72,"y":1256},
{"x":88,"y":1232},
{"x":112,"y":1216}
],
[
{"x":304,"y":1112},
{"x":336,"y":1112},
{"x":336,"y":1096},
{"x":304,"y":1096}
],
[
{"x":1280,"y":1160},
{"x":1280,"y":1136},
{"x":1240,"y":1136}
],
[
{"x":360,"y":920},
{"x":384,"y":928},
{"x":376,"y":904},
{"x":360,"y":904}
],
[
{"x":584,"y":720},
{"x":584,"y":752},
{"x":616,"y":776},
{"x":608,"y":816},
{"x":632,"y":816},
{"x":632,"y":752}
],
[
{"x":1664,"y":824},
{"x":1688,"y":864},
{"x":1728,"y":816},
{"x":1720,"y":800},
{"x":1696,"y":800}
],
[
{"x":704,"y":544},
{"x":672,"y":584},
{"x":712,"y":568}
],
[
{"x":2200,"y":496},
{"x":2208,"y":552},
{"x":2240,"y":568},
{"x":2232,"y":512}
],
[
{"x":1312,"y":656},
{"x":1280,"y":664},
{"x":1264,"y":696},
{"x":1136,"y":672},
{"x":1112,"y":712},
{"x":1120,"y":744},
{"x":1144,"y":744},
{"x":1152,"y":720},
{"x":1176,"y":736},
{"x":1264,"y":728},
{"x":1280,"y":760},
{"x":1312,"y":760},
{"x":1312,"y":712},
{"x":1352,"y":656},
{"x":1352,"y":624},
{"x":1320,"y":624}
],
[
{"x":1712,"y":664},
{"x":1712,"y":704},
{"x":1744,"y":712},
{"x":1736,"y":672}
],
[
{"x":1176,"y":616},
{"x":1152,"y":624},
{"x":1160,"y":648},
{"x":1176,"y":640}
],
[
{"x":1016,"y":512},
{"x":952,"y":536},
{"x":952,"y":552},
{"x":1040,"y":552},
{"x":1048,"y":536},
{"x":1080,"y":544},
{"x":1080,"y":528}
],
[
{"x":1424,"y":384},
{"x":1424,"y":432},
{"x":1400,"y":456},
{"x":1408,"y":512},
{"x":1392,"y":544},
{"x":1448,"y":544},
{"x":1448,"y":448},
{"x":1472,"y":424},
{"x":1496,"y":368},
{"x":1488,"y":352},
{"x":1448,"y":352}
],
[
{"x":2656,"y":96},
{"x":2720,"y":176},
{"x":2728,"y":216},
{"x":2704,"y":272},
{"x":2728,"y":264},
{"x":2760,"y":240},
{"x":2760,"y":184},
{"x":2800,"y":176},
{"x":2800,"y":160},
{"x":2784,"y":144},
{"x":2720,"y":136}
],
[
{"x":1608,"y":520},
{"x":1624,"y":520},
{"x":1632,"y":504},
{"x":1608,"y":504}
],
[
{"x":1848,"y":352},
{"x":1816,"y":360},
{"x":1792,"y":400},
{"x":1792,"y":432},
{"x":1824,"y":432},
{"x":1832,"y":448},
{"x":1824,"y":488},
{"x":1840,"y":488},
{"x":1856,"y":440},
{"x":1856,"y":416},
{"x":1832,"y":408}
],
[
{"x":1864,"y":416},
{"x":1888,"y":416},
{"x":1888,"y":400},
{"x":1864,"y":400}
],
[
{"x":2144,"y":560},
{"x":2176,"y":568},
{"x":2168,"y":536},
{"x":2152,"y":536}
],
[
{"x":2264,"y":480},
{"x":2272,"y":504},
{"x":2312,"y":520},
{"x":2304,"y":496}
],
[
{"x":1672,"y":360},
{"x":1696,"y":368},
{"x":1696,"y":344},
{"x":1672,"y":344}
],
[
{"x":2392,"y":376},
{"x":2392,"y":416},
{"x":2408,"y":432},
{"x":2432,"y":416},
{"x":2464,"y":432},
{"x":2456,"y":456},
{"x":2432,"y":456},
{"x":2432,"y":488},
{"x":2472,"y":520},
{"x":2472,"y":480},
{"x":2496,"y":472},
{"x":2496,"y":448},
{"x":2480,"y":440},
{"x":2472,"y":392},
{"x":2448,"y":392},
{"x":2432,"y":360},
{"x":2416,"y":360}
],
[
{"x":1904,"y":320},
{"x":1872,"y":328},
{"x":1872,"y":352},
{"x":1920,"y":336}
],
[
{"x":1520,"y":280},
{"x":1480,"y":304},
{"x":1488,"y":336},
{"x":1512,"y":296}
],
[
{"x":2104,"y":368},
{"x":2160,"y":416},
{"x":2168,"y":400},
{"x":2184,"y":352},
{"x":2144,"y":320},
{"x":2120,"y":320}
],
[
{"x":2168,"y":448},
{"x":2200,"y":488},
{"x":2200,"y":456}
],
[
{"x":2856,"y":88},
{"x":2872,"y":128},
{"x":2888,"y":128},
{"x":2896,"y":56},
{"x":2872,"y":56}
],
[
{"x":2272,"y":376},
{"x":2272,"y":392},
{"x":2296,"y":400},
{"x":2296,"y":384}
],
[
{"x":2544,"y":208},
{"x":2528,"y":232},
{"x":2560,"y":304},
{"x":2576,"y":304},
{"x":2584,"y":288},
{"x":2552,"y":248}
],
[
{"x":2384,"y":288},
{"x":2408,"y":288},
{"x":2400,"y":264},
{"x":2384,"y":264}
],
[
{"x":1024,"y":120},
{"x":1008,"y":224},
{"x":1024,"y":224},
{"x":1040,"y":152},
{"x":1040,"y":128}
],
[
{"x":2480,"y":280},
{"x":2504,"y":288},
{"x":2504,"y":264},
{"x":2480,"y":264}
],
[
{"x":2752,"y":296},
{"x":2720,"y":312},
{"x":2728,"y":328},
{"x":2736,"y":320},
{"x":2752,"y":320}
],
[
{"x":2024,"y":96},
{"x":2040,"y":120},
{"x":2104,"y":136},
{"x":2096,"y":112}
],
[
{"x":832,"y":232},
{"x":816,"y":240},
{"x":832,"y":264},
{"x":904,"y":272}
],
[
{"x":2544,"y":208},
{"x":2576,"y":200},
{"x":2584,"y":192},
{"x":2544,"y":192}
]
],
[
],
],
"inputCDT":[
{
"is_hole":false,
"points":[
{"x":1056.000000,"y":48.000000},
{"x":1096.000000,"y":96.000000},
{"x":1088.000000,"y":288.000000},
{"x":1104.000000,"y":312.000000},
{"x":1112.000000,"y":400.000000},
{"x":1128.000000,"y":432.000000},
{"x":1168.000000,"y":456.000000},
{"x":1096.000000,"y":456.000000},
{"x":1040.000000,"y":344.000000},
{"x":984.000000,"y":320.000000},
{"x":936.000000,"y":272.000000},
{"x":904.000000,"y":280.000000},
{"x":928.000000,"y":312.000000},
{"x":976.000000,"y":320.000000},
{"x":1016.000000,"y":360.000000},
{"x":1024.000000,"y":424.000000},
{"x":1088.000000,"y":496.000000},
{"x":1200.000000,"y":480.000000},
{"x":1240.000000,"y":456.000000},
{"x":1280.000000,"y":472.000000},
{"x":1352.000000,"y":536.000000},
{"x":1368.000000,"y":528.000000},
{"x":1320.000000,"y":488.000000},
{"x":1320.000000,"y":400.000000},
{"x":1336.000000,"y":368.000000},
{"x":1280.000000,"y":320.000000},
{"x":1280.000000,"y":248.000000},
{"x":1256.000000,"y":216.000000},
{"x":1264.000000,"y":160.000000},
{"x":1200.000000,"y":56.000000},
{"x":1216.000000,"y":16.000000},
{"x":1216.000000,"y":0.000000},
{"x":1264.000000,"y":0.000000},
{"x":1264.000000,"y":40.000000},
{"x":1248.000000,"y":40.000000},
{"x":1240.000000,"y":64.000000},
{"x":1328.000000,"y":104.000000},
{"x":1304.000000,"y":304.000000},
{"x":1336.000000,"y":312.000000},
{"x":1352.000000,"y":360.000000},
{"x":1392.000000,"y":336.000000},
{"x":1400.000000,"y":288.000000},
{"x":1432.000000,"y":272.000000},
{"x":1448.000000,"y":232.000000},
{"x":1504.000000,"y":184.000000},
{"x":1512.000000,"y":144.000000},
{"x":1496.000000,"y":160.000000},
{"x":1464.000000,"y":160.000000},
{"x":1448.000000,"y":104.000000},
{"x":1400.000000,"y":104.000000},
{"x":1392.000000,"y":88.000000},
{"x":1352.000000,"y":80.000000},
{"x":1312.000000,"y":8.000000},
{"x":1336.000000,"y":32.000000},
{"x":1368.000000,"y":32.000000},
{"x":1368.000000,"y":16.000000},
{"x":1408.000000,"y":24.000000},
{"x":1520.000000,"y":112.000000},
{"x":1568.000000,"y":104.000000},
{"x":1600.000000,"y":72.000000},
{"x":1600.000000,"y":56.000000},
{"x":1560.000000,"y":24.000000},
{"x":1494.000000,"y":0.000000},
{"x":1595.000000,"y":0.000000},
{"x":1608.000000,"y":16.000000},
{"x":1640.000000,"y":16.000000},
{"x":1656.000000,"y":0.000000},
{"x":2200.000000,"y":0.000000},
{"x":2224.000000,"y":16.000000},
{"x":2256.000000,"y":0.000000},
{"x":2306.000000,"y":0.000000},
{"x":2288.000000,"y":24.000000},
{"x":2296.000000,"y":48.000000},
{"x":2264.000000,"y":72.000000},
{"x":2264.000000,"y":104.000000},
{"x":2224.000000,"y":96.000000},
{"x":2224.000000,"y":120.000000},
{"x":2256.000000,"y":160.000000},
{"x":2216.000000,"y":184.000000},
{"x":2152.000000,"y":168.000000},
{"x":2152.000000,"y":224.000000},
{"x":2192.000000,"y":280.000000},
{"x":2216.000000,"y":288.000000},
{"x":2224.000000,"y":264.000000},
{"x":2200.000000,"y":208.000000},
{"x":2264.000000,"y":200.000000},
{"x":2392.000000,"y":112.000000},
{"x":2352.000000,"y":128.000000},
{"x":2320.000000,"y":88.000000},
{"x":2312.000000,"y":32.000000},
{"x":2331.000000,"y":0.000000},
{"x":2352.000000,"y":0.000000},
{"x":2368.000000,"y":16.000000},
{"x":2400.000000,"y":16.000000},
{"x":2398.000000,"y":0.000000},
{"x":2469.000000,"y":0.000000},
{"x":2488.000000,"y":24.000000},
{"x":2490.000000,"y":0.000000},
{"x":2532.000000,"y":0.000000},
{"x":2512.000000,"y":64.000000},
{"x":2544.000000,"y":120.000000},
{"x":2512.000000,"y":136.000000},
{"x":2512.000000,"y":152.000000},
{"x":2616.000000,"y":176.000000},
{"x":2664.000000,"y":232.000000},
{"x":2680.000000,"y":232.000000},
{"x":2680.000000,"y":208.000000},
{"x":2624.000000,"y":168.000000},
{"x":2608.000000,"y":136.000000},
{"x":2616.000000,"y":64.000000},
{"x":2656.000000,"y":32.000000},
{"x":2728.000000,"y":32.000000},
{"x":2752.000000,"y":8.000000},
{"x":2753.000000,"y":0.000000},
{"x":2904.000000,"y":0.000000},
{"x":2904.000000,"y":16.000000},
{"x":2928.000000,"y":16.000000},
{"x":2912.000000,"y":0.000000},
{"x":2944.000000,"y":0.000000},
{"x":2960.000000,"y":8.000000},
{"x":2960.000000,"y":40.000000},
{"x":2912.000000,"y":152.000000},
{"x":2888.000000,"y":160.000000},
{"x":2832.000000,"y":224.000000},
{"x":2816.000000,"y":328.000000},
{"x":2736.000000,"y":376.000000},
{"x":2712.000000,"y":424.000000},
{"x":2672.000000,"y":432.000000},
{"x":2640.000000,"y":376.000000},
{"x":2640.000000,"y":328.000000},
{"x":2680.000000,"y":352.000000},
{"x":2688.000000,"y":312.000000},
{"x":2704.000000,"y":312.000000},
{"x":2704.000000,"y":280.000000},
{"x":2688.000000,"y":272.000000},
{"x":2648.000000,"y":272.000000},
{"x":2600.000000,"y":304.000000},
{"x":2568.000000,"y":392.000000},
{"x":2552.000000,"y":384.000000},
{"x":2568.000000,"y":328.000000},
{"x":2512.000000,"y":352.000000},
{"x":2544.000000,"y":480.000000},
{"x":2528.000000,"y":512.000000},
{"x":2496.000000,"y":528.000000},
{"x":2472.000000,"y":520.000000},
{"x":2504.000000,"y":552.000000},
{"x":2496.000000,"y":600.000000},
{"x":2472.000000,"y":624.000000},
{"x":2432.000000,"y":624.000000},
{"x":2432.000000,"y":592.000000},
{"x":2392.000000,"y":584.000000},
{"x":2384.000000,"y":544.000000},
{"x":2416.000000,"y":544.000000},
{"x":2440.000000,"y":584.000000},
{"x":2456.000000,"y":576.000000},
{"x":2456.000000,"y":552.000000},
{"x":2416.000000,"y":528.000000},
{"x":2400.000000,"y":488.000000},
{"x":2384.000000,"y":488.000000},
{"x":2376.000000,"y":528.000000},
{"x":2336.000000,"y":552.000000},
{"x":2368.000000,"y":568.000000},
{"x":2376.000000,"y":616.000000},
{"x":2408.000000,"y":640.000000},
{"x":2376.000000,"y":680.000000},
{"x":2304.000000,"y":712.000000},
{"x":2232.000000,"y":712.000000},
{"x":2200.000000,"y":664.000000},
{"x":2144.000000,"y":648.000000},
{"x":2128.000000,"y":592.000000},
{"x":2072.000000,"y":528.000000},
{"x":2064.000000,"y":448.000000},
{"x":2048.000000,"y":440.000000},
{"x":2032.000000,"y":464.000000},
{"x":2000.000000,"y":464.000000},
{"x":2032.000000,"y":424.000000},
{"x":2056.000000,"y":424.000000},
{"x":2064.000000,"y":384.000000},
{"x":2008.000000,"y":344.000000},
{"x":2000.000000,"y":416.000000},
{"x":1968.000000,"y":424.000000},
{"x":1984.000000,"y":328.000000},
{"x":1944.000000,"y":336.000000},
{"x":1928.000000,"y":392.000000},
{"x":1960.000000,"y":400.000000},
{"x":1960.000000,"y":448.000000},
{"x":1992.000000,"y":472.000000},
{"x":1960.000000,"y":480.000000},
{"x":1920.000000,"y":424.000000},
{"x":1896.000000,"y":424.000000},
{"x":1896.000000,"y":464.000000},
{"x":1936.000000,"y":480.000000},
{"x":1944.000000,"y":528.000000},
{"x":1968.000000,"y":544.000000},
{"x":1976.000000,"y":616.000000},
{"x":1952.000000,"y":624.000000},
{"x":1928.000000,"y":680.000000},
{"x":1896.000000,"y":696.000000},
{"x":1904.000000,"y":744.000000},
{"x":1864.000000,"y":856.000000},
{"x":1848.000000,"y":872.000000},
{"x":1800.000000,"y":872.000000},
{"x":1792.000000,"y":896.000000},
{"x":1760.000000,"y":856.000000},
{"x":1736.000000,"y":856.000000},
{"x":1736.000000,"y":888.000000},
{"x":1712.000000,"y":896.000000},
{"x":1728.000000,"y":1064.000000},
{"x":1648.000000,"y":1064.000000},
{"x":1640.000000,"y":1080.000000},
{"x":1608.000000,"y":1080.000000},
{"x":1632.000000,"y":1024.000000},
{"x":1680.000000,"y":1016.000000},
{"x":1680.000000,"y":968.000000},
{"x":1656.000000,"y":944.000000},
{"x":1632.000000,"y":944.000000},
{"x":1624.000000,"y":960.000000},
{"x":1608.000000,"y":952.000000},
{"x":1632.000000,"y":880.000000},
{"x":1608.000000,"y":872.000000},
{"x":1608.000000,"y":848.000000},
{"x":1584.000000,"y":848.000000},
{"x":1600.000000,"y":888.000000},
{"x":1568.000000,"y":896.000000},
{"x":1528.000000,"y":936.000000},
{"x":1528.000000,"y":1008.000000},
{"x":1536.000000,"y":1024.000000},
{"x":1560.000000,"y":1024.000000},
{"x":1560.000000,"y":1080.000000},
{"x":1488.000000,"y":1160.000000},
{"x":1480.000000,"y":1200.000000},
{"x":1456.000000,"y":1192.000000},
{"x":1464.000000,"y":1160.000000},
{"x":1448.000000,"y":1152.000000},
{"x":1384.000000,"y":1152.000000},
{"x":1376.000000,"y":1224.000000},
{"x":1392.000000,"y":1272.000000},
{"x":1376.000000,"y":1272.000000},
{"x":1368.000000,"y":1240.000000},
{"x":1328.000000,"y":1272.000000},
{"x":1272.000000,"y":1272.000000},
{"x":1256.000000,"y":1248.000000},
{"x":1216.000000,"y":1232.000000},
{"x":1216.000000,"y":1192.000000},
{"x":1176.000000,"y":1160.000000},
{"x":1168.000000,"y":1072.000000},
{"x":1144.000000,"y":1056.000000},
{"x":1128.000000,"y":1056.000000},
{"x":1144.000000,"y":1072.000000},
{"x":1136.000000,"y":1160.000000},
{"x":1096.000000,"y":1128.000000},
{"x":1064.000000,"y":1136.000000},
{"x":1048.000000,"y":1120.000000},
{"x":1048.000000,"y":1096.000000},
{"x":1080.000000,"y":1112.000000},
{"x":1104.000000,"y":1096.000000},
{"x":1104.000000,"y":1040.000000},
{"x":1120.000000,"y":1032.000000},
{"x":1112.000000,"y":976.000000},
{"x":1168.000000,"y":928.000000},
{"x":1160.000000,"y":896.000000},
{"x":1104.000000,"y":856.000000},
{"x":1112.000000,"y":816.000000},
{"x":1136.000000,"y":824.000000},
{"x":1136.000000,"y":800.000000},
{"x":1104.000000,"y":800.000000},
{"x":1104.000000,"y":752.000000},
{"x":1088.000000,"y":752.000000},
{"x":1048.000000,"y":800.000000},
{"x":1048.000000,"y":856.000000},
{"x":1016.000000,"y":928.000000},
{"x":1016.000000,"y":976.000000},
{"x":992.000000,"y":1000.000000},
{"x":960.000000,"y":1000.000000},
{"x":984.000000,"y":1032.000000},
{"x":976.000000,"y":1048.000000},
{"x":936.000000,"y":1048.000000},
{"x":864.000000,"y":976.000000},
{"x":848.000000,"y":952.000000},
{"x":864.000000,"y":904.000000},
{"x":832.000000,"y":864.000000},
{"x":832.000000,"y":848.000000},
{"x":856.000000,"y":840.000000},
{"x":848.000000,"y":784.000000},
{"x":904.000000,"y":808.000000},
{"x":912.000000,"y":776.000000},
{"x":896.000000,"y":744.000000},
{"x":960.000000,"y":760.000000},
{"x":960.000000,"y":840.000000},
{"x":976.000000,"y":840.000000},
{"x":984.000000,"y":768.000000},
{"x":1024.000000,"y":744.000000},
{"x":1048.000000,"y":704.000000},
{"x":1040.000000,"y":680.000000},
{"x":928.000000,"y":648.000000},
{"x":912.000000,"y":648.000000},
{"x":912.000000,"y":672.000000},
{"x":872.000000,"y":672.000000},
{"x":856.000000,"y":704.000000},
{"x":792.000000,"y":688.000000},
{"x":800.000000,"y":648.000000},
{"x":776.000000,"y":632.000000},
{"x":792.000000,"y":576.000000},
{"x":864.000000,"y":576.000000},
{"x":912.000000,"y":520.000000},
{"x":1008.000000,"y":504.000000},
{"x":1032.000000,"y":472.000000},
{"x":1000.000000,"y":424.000000},
{"x":968.000000,"y":424.000000},
{"x":944.000000,"y":448.000000},
{"x":896.000000,"y":440.000000},
{"x":888.000000,"y":456.000000},
{"x":848.000000,"y":464.000000},
{"x":824.000000,"y":504.000000},
{"x":784.000000,"y":512.000000},
{"x":752.000000,"y":544.000000},
{"x":744.000000,"y":576.000000},
{"x":752.000000,"y":616.000000},
{"x":768.000000,"y":624.000000},
{"x":760.000000,"y":672.000000},
{"x":784.000000,"y":728.000000},
{"x":776.000000,"y":768.000000},
{"x":752.000000,"y":792.000000},
{"x":720.000000,"y":792.000000},
{"x":704.000000,"y":840.000000},
{"x":680.000000,"y":824.000000},
{"x":648.000000,"y":832.000000},
{"x":616.000000,"y":880.000000},
{"x":584.000000,"y":880.000000},
{"x":576.000000,"y":856.000000},
{"x":560.000000,"y":856.000000},
{"x":576.000000,"y":904.000000},
{"x":544.000000,"y":960.000000},
{"x":464.000000,"y":1024.000000},
{"x":456.000000,"y":1088.000000},
{"x":440.000000,"y":1096.000000},
{"x":416.000000,"y":1160.000000},
{"x":352.000000,"y":1224.000000},
{"x":280.000000,"y":1240.000000},
{"x":248.000000,"y":1272.000000},
{"x":224.000000,"y":1360.000000},
{"x":136.000000,"y":1472.000000},
{"x":72.000000,"y":1464.000000},
{"x":56.000000,"y":1480.000000},
{"x":48.000000,"y":1504.000000},
{"x":104.000000,"y":1504.000000},
{"x":96.000000,"y":1536.000000},
{"x":56.000000,"y":1568.000000},
{"x":24.000000,"y":1568.000000},
{"x":16.000000,"y":1552.000000},
{"x":0.000000,"y":1555.000000},
{"x":0.000000,"y":1184.000000},
{"x":24.000000,"y":1144.000000},
{"x":72.000000,"y":1128.000000},
{"x":184.000000,"y":1040.000000},
{"x":216.000000,"y":1040.000000},
{"x":216.000000,"y":1008.000000},
{"x":256.000000,"y":952.000000},
{"x":312.000000,"y":976.000000},
{"x":328.000000,"y":952.000000},
{"x":320.000000,"y":888.000000},
{"x":368.000000,"y":840.000000},
{"x":456.000000,"y":808.000000},
{"x":496.000000,"y":712.000000},
{"x":528.000000,"y":696.000000},
{"x":560.000000,"y":640.000000},
{"x":560.000000,"y":616.000000},
{"x":640.000000,"y":664.000000},
{"x":632.000000,"y":616.000000},
{"x":592.000000,"y":600.000000},
{"x":592.000000,"y":544.000000},
{"x":616.000000,"y":512.000000},
{"x":624.000000,"y":448.000000},
{"x":600.000000,"y":464.000000},
{"x":592.000000,"y":496.000000},
{"x":512.000000,"y":472.000000},
{"x":496.000000,"y":448.000000},
{"x":440.000000,"y":448.000000},
{"x":352.000000,"y":504.000000},
{"x":272.000000,"y":512.000000},
{"x":208.000000,"y":552.000000},
{"x":184.000000,"y":536.000000},
{"x":256.000000,"y":504.000000},
{"x":264.000000,"y":456.000000},
{"x":184.000000,"y":464.000000},
{"x":160.000000,"y":520.000000},
{"x":80.000000,"y":512.000000},
{"x":48.000000,"y":464.000000},
{"x":152.000000,"y":472.000000},
{"x":248.000000,"y":408.000000},
{"x":280.000000,"y":408.000000},
{"x":288.000000,"y":440.000000},
{"x":360.000000,"y":424.000000},
{"x":360.000000,"y":408.000000},
{"x":304.000000,"y":400.000000},
{"x":304.000000,"y":384.000000},
{"x":448.000000,"y":392.000000},
{"x":520.000000,"y":360.000000},
{"x":632.000000,"y":368.000000},
{"x":664.000000,"y":328.000000},
{"x":656.000000,"y":304.000000},
{"x":584.000000,"y":296.000000},
{"x":552.000000,"y":264.000000},
{"x":512.000000,"y":264.000000},
{"x":496.000000,"y":240.000000},
{"x":432.000000,"y":224.000000},
{"x":408.000000,"y":200.000000},
{"x":408.000000,"y":176.000000},
{"x":456.000000,"y":160.000000},
{"x":488.000000,"y":184.000000},
{"x":560.000000,"y":200.000000},
{"x":600.000000,"y":232.000000},
{"x":696.000000,"y":248.000000},
{"x":704.000000,"y":264.000000},
{"x":728.000000,"y":256.000000},
{"x":760.000000,"y":200.000000},
{"x":768.000000,"y":136.000000},
{"x":704.000000,"y":56.000000},
{"x":711.000000,"y":0.000000},
{"x":1069.000000,"y":0.000000}
]
},
{
"is_hole":true,
"points":[
{"x":192.000100,"y":1248.000100},
{"x":168.000100,"y":1304.000100},
{"x":208.000100,"y":1288.000100},
{"x":216.000100,"y":1248.000100}
]
},
{
"is_hole":true,
"points":[
{"x":72.000200,"y":1184.000200},
{"x":72.000200,"y":1256.000200},
{"x":88.000200,"y":1232.000200},
{"x":112.000200,"y":1216.000200},
{"x":128.000200,"y":1160.000200}
]
},
{
"is_hole":true,
"points":[
{"x":1240.000300,"y":1136.000300},
{"x":1280.000300,"y":1160.000300},
{"x":1280.000300,"y":1136.000300}
]
},
{
"is_hole":true,
"points":[
{"x":304.000400,"y":1096.000400},
{"x":304.000400,"y":1112.000400},
{"x":336.000400,"y":1112.000400},
{"x":336.000400,"y":1096.000400}
]
},
{
"is_hole":true,
"points":[
{"x":360.000500,"y":904.000500},
{"x":360.000500,"y":920.000500},
{"x":384.000500,"y":928.000500},
{"x":376.000500,"y":904.000500}
]
},
{
"is_hole":true,
"points":[
{"x":1696.000600,"y":800.000600},
{"x":1664.000600,"y":824.000600},
{"x":1688.000600,"y":864.000600},
{"x":1728.000600,"y":816.000600},
{"x":1720.000600,"y":800.000600}
]
},
{
"is_hole":true,
"points":[
{"x":584.000700,"y":752.000700},
{"x":616.000700,"y":776.000700},
{"x":608.000700,"y":816.000700},
{"x":632.000700,"y":816.000700},
{"x":632.000700,"y":752.000700},
{"x":584.000700,"y":720.000700}
]
},
{
"is_hole":true,
"points":[
{"x":1320.000800,"y":624.000800},
{"x":1312.000800,"y":656.000800},
{"x":1280.000800,"y":664.000800},
{"x":1264.000800,"y":696.000800},
{"x":1136.000800,"y":672.000800},
{"x":1112.000800,"y":712.000800},
{"x":1120.000800,"y":744.000800},
{"x":1144.000800,"y":744.000800},
{"x":1152.000800,"y":720.000800},
{"x":1176.000800,"y":736.000800},
{"x":1264.000800,"y":728.000800},
{"x":1280.000800,"y":760.000800},
{"x":1312.000800,"y":760.000800},
{"x":1312.000800,"y":712.000800},
{"x":1352.000800,"y":656.000800},
{"x":1352.000800,"y":624.000800}
]
},
{
"is_hole":true,
"points":[
{"x":1712.000900,"y":704.000900},
{"x":1744.000900,"y":712.000900},
{"x":1736.000900,"y":672.000900},
{"x":1712.000900,"y":664.000900}
]
},
{
"is_hole":true,
"points":[
{"x":1152.001000,"y":624.001000},
{"x":1160.001000,"y":648.001000},
{"x":1176.001000,"y":640.001000},
{"x":1176.001000,"y":616.001000}
]
},
{
"is_hole":true,
"points":[
{"x":672.001100,"y":584.001100},
{"x":712.001100,"y":568.001100},
{"x":704.001100,"y":544.001100}
]
},
{
"is_hole":true,
"points":[
{"x":2208.001200,"y":552.001200},
{"x":2240.001200,"y":568.001200},
{"x":2232.001200,"y":512.001200},
{"x":2200.001200,"y":496.001200}
]
},
{
"is_hole":true,
"points":[
{"x":2152.001300,"y":536.001300},
{"x":2144.001300,"y":560.001300},
{"x":2176.001300,"y":568.001300},
{"x":2168.001300,"y":536.001300}
]
},
{
"is_hole":true,
"points":[
{"x":952.001400,"y":536.001400},
{"x":952.001400,"y":552.001400},
{"x":1040.001400,"y":552.001400},
{"x":1048.001400,"y":536.001400},
{"x":1080.001400,"y":544.001400},
{"x":1080.001400,"y":528.001400},
{"x":1016.001400,"y":512.001400}
]
},
{
"is_hole":true,
"points":[
{"x":1448.001500,"y":352.001500},
{"x":1424.001500,"y":384.001500},
{"x":1424.001500,"y":432.001500},
{"x":1400.001500,"y":456.001500},
{"x":1408.001500,"y":512.001500},
{"x":1392.001500,"y":544.001500},
{"x":1448.001500,"y":544.001500},
{"x":1448.001500,"y":448.001500},
{"x":1472.001500,"y":424.001500},
{"x":1496.001500,"y":368.001500},
{"x":1488.001500,"y":352.001500}
]
},
{
"is_hole":true,
"points":[
{"x":2416.001600,"y":360.001600},
{"x":2392.001600,"y":376.001600},
{"x":2392.001600,"y":416.001600},
{"x":2408.001600,"y":432.001600},
{"x":2432.001600,"y":416.001600},
{"x":2464.001600,"y":432.001600},
{"x":2456.001600,"y":456.001600},
{"x":2432.001600,"y":456.001600},
{"x":2432.001600,"y":488.001600},
{"x":2472.001600,"y":520.001600},
{"x":2472.001600,"y":480.001600},
{"x":2496.001600,"y":472.001600},
{"x":2496.001600,"y":448.001600},
{"x":2480.001600,"y":440.001600},
{"x":2472.001600,"y":392.001600},
{"x":2448.001600,"y":392.001600},
{"x":2432.001600,"y":360.001600}
]
},
{
"is_hole":true,
"points":[
{"x":2272.001700,"y":504.001700},
{"x":2312.001700,"y":520.001700},
{"x":2304.001700,"y":496.001700},
{"x":2264.001700,"y":480.001700}
]
},
{
"is_hole":true,
"points":[
{"x":1608.001800,"y":504.001800},
{"x":1608.001800,"y":520.001800},
{"x":1624.001800,"y":520.001800},
{"x":1632.001800,"y":504.001800}
]
},
{
"is_hole":true,
"points":[
{"x":2200.001900,"y":488.001900},
{"x":2200.001900,"y":456.001900},
{"x":2168.001900,"y":448.001900}
]
},
{
"is_hole":true,
"points":[
{"x":1816.002000,"y":360.002000},
{"x":1792.002000,"y":400.002000},
{"x":1792.002000,"y":432.002000},
{"x":1824.002000,"y":432.002000},
{"x":1832.002000,"y":448.002000},
{"x":1824.002000,"y":488.002000},
{"x":1840.002000,"y":488.002000},
{"x":1856.002000,"y":440.002000},
{"x":1856.002000,"y":416.002000},
{"x":1832.002000,"y":408.002000},
{"x":1848.002000,"y":352.002000}
]
},
{
"is_hole":true,
"points":[
{"x":1864.002100,"y":400.002100},
{"x":1864.002100,"y":416.002100},
{"x":1888.002100,"y":416.002100},
{"x":1888.002100,"y":400.002100}
]
},
{
"is_hole":true,
"points":[
{"x":2120.002200,"y":320.002200},
{"x":2104.002200,"y":368.002200},
{"x":2160.002200,"y":416.002200},
{"x":2168.002200,"y":400.002200},
{"x":2184.002200,"y":352.002200},
{"x":2144.002200,"y":320.002200}
]
},
{
"is_hole":true,
"points":[
{"x":2272.002300,"y":392.002300},
{"x":2296.002300,"y":400.002300},
{"x":2296.002300,"y":384.002300},
{"x":2272.002300,"y":376.002300}
]
},
{
"is_hole":true,
"points":[
{"x":1672.002400,"y":344.002400},
{"x":1672.002400,"y":360.002400},
{"x":1696.002400,"y":368.002400},
{"x":1696.002400,"y":344.002400}
]
},
{
"is_hole":true,
"points":[
{"x":1872.002500,"y":328.002500},
{"x":1872.002500,"y":352.002500},
{"x":1920.002500,"y":336.002500},
{"x":1904.002500,"y":320.002500}
]
},
{
"is_hole":true,
"points":[
{"x":1480.002600,"y":304.002600},
{"x":1488.002600,"y":336.002600},
{"x":1520.002600,"y":280.002600}
]
},
{
"is_hole":true,
"points":[
{"x":2720.002700,"y":312.002700},
{"x":2728.002700,"y":328.002700},
{"x":2736.002700,"y":320.002700},
{"x":2752.002700,"y":320.002700},
{"x":2752.002700,"y":296.002700}
]
},
{
"is_hole":true,
"points":[
{"x":2528.002800,"y":232.002800},
{"x":2560.002800,"y":304.002800},
{"x":2576.002800,"y":304.002800},
{"x":2584.002800,"y":288.002800},
{"x":2552.002800,"y":248.002800},
{"x":2544.002800,"y":208.002800}
]
},
{
"is_hole":true,
"points":[
{"x":2384.002900,"y":264.002900},
{"x":2384.002900,"y":288.002900},
{"x":2408.002900,"y":288.002900},
{"x":2400.002900,"y":264.002900}
]
},
{
"is_hole":true,
"points":[
{"x":2480.003000,"y":264.003000},
{"x":2480.003000,"y":280.003000},
{"x":2504.003000,"y":288.003000},
{"x":2504.003000,"y":264.003000}
]
},
{
"is_hole":true,
"points":[
{"x":816.003100,"y":240.003100},
{"x":832.003100,"y":264.003100},
{"x":904.003100,"y":272.003100},
{"x":832.003100,"y":232.003100}
]
},
{
"is_hole":true,
"points":[
{"x":2720.003200,"y":176.003200},
{"x":2728.003200,"y":216.003200},
{"x":2704.003200,"y":272.003200},
{"x":2728.003200,"y":264.003200},
{"x":2760.003200,"y":240.003200},
{"x":2760.003200,"y":184.003200},
{"x":2800.003200,"y":176.003200},
{"x":2800.003200,"y":160.003200},
{"x":2784.003200,"y":144.003200},
{"x":2720.003200,"y":136.003200},
{"x":2656.003200,"y":96.003200}
]
},
{
"is_hole":true,
"points":[
{"x":1008.003300,"y":224.003300},
{"x":1024.003300,"y":224.003300},
{"x":1040.003300,"y":152.003300},
{"x":1040.003300,"y":128.003300},
{"x":1024.003300,"y":120.003300}
]
},
{
"is_hole":true,
"points":[
{"x":2544.003400,"y":192.003400},
{"x":2544.003400,"y":208.003400},
{"x":2576.003400,"y":200.003400},
{"x":2584.003400,"y":192.003400}
]
},
{
"is_hole":true,
"points":[
{"x":2040.003500,"y":120.003500},
{"x":2104.003500,"y":136.003500},
{"x":2096.003500,"y":112.003500},
{"x":2024.003500,"y":96.003500}
]
},
{
"is_hole":true,
"points":[
{"x":2872.003600,"y":56.003600},
{"x":2856.003600,"y":88.003600},
{"x":2872.003600,"y":128.003600},
{"x":2888.003600,"y":128.003600},
{"x":2896.003600,"y":56.003600}
]
},
]}
